[0.000000] (-) TimerEvent: {}
[0.001133] (plan_execute) JobQueued: {'identifier': 'plan_execute', 'dependencies': OrderedDict([('plan_execute', '/home/yh6917/ME495/src/hw3group-jengabells/install/plan_execute')])}
[0.001180] (plan_execute_interface) JobQueued: {'identifier': 'plan_execute_interface', 'dependencies': OrderedDict([('plan_execute_interface', '/home/yh6917/ME495/src/hw3group-jengabells/install/plan_execute_interface')])}
[0.001199] (plan_execute) JobStarted: {'identifier': 'plan_execute'}
[0.010189] (plan_execute_interface) JobStarted: {'identifier': 'plan_execute_interface'}
[0.013648] (plan_execute_interface) JobEnded: {'identifier': 'plan_execute_interface', 'rc': 1}
[0.100086] (-) TimerEvent: {}
[0.183723] (plan_execute) Command: {'cmd': ['/usr/bin/python3', '-m', 'pytest'], 'cwd': '/home/yh6917/ME495/src/hw3group-jengabells/plan_execute', 'env': {'LESSOPEN': '| /usr/bin/lesspipe %s', 'LANGUAGE': 'en', 'USER': 'yh6917', 'LC_TIME': 'en_US.UTF-8', 'XDG_SESSION_TYPE': 'wayland', 'SHLVL': '2', 'LD_LIBRARY_PATH': '/home/yh6917/ME495/src/hw3group-jengabells/install/plan_execute_interface/lib:/home/yh6917/nuws/install/lib:/opt/ros/humble/opt/rviz_ogre_vendor/lib:/opt/ros/humble/lib/x86_64-linux-gnu:/opt/ros/humble/lib', 'HOME': '/home/yh6917', 'OLDPWD': '/home/yh6917/ME495/src', 'DESKTOP_SESSION': 'ubuntu', 'ROS_PYTHON_VERSION': '3', 'GNOME_SHELL_SESSION_MODE': 'ubuntu', 'GTK_MODULES': 'gail:atk-bridge', 'LC_MONETARY': 'en_US.UTF-8', 'SYSTEMD_EXEC_PID': '2279', 'DBUS_SESSION_BUS_ADDRESS': 'unix:path=/run/user/1000/bus', 'COLORTERM': 'truecolor', 'TERMINATOR_DBUS_NAME': 'net.tenshu.Terminator25ef4b219e3b005583550f2b0f9f990c3', 'IM_CONFIG_PHASE': '1', 'WAYLAND_DISPLAY': 'wayland-0', 'COLCON_PREFIX_PATH': '/home/yh6917/ME495/src/hw3group-jengabells/install:/home/yh6917/ME495/src/homework3-hang-yin/install:/home/yh6917/nuws/install', 'ROS_DISTRO': 'humble', 'LOGNAME': 'yh6917', '_': '/usr/bin/colcon', 'ROS_VERSION': '2', 'PKG_CONFIG_PATH': '/home/yh6917/nuws/install/lib/x86_64-linux-gnu/pkgconfig:/home/yh6917/nuws/install/lib/pkgconfig', 'XDG_SESSION_CLASS': 'user', 'USERNAME': 'yh6917', 'TERM': 'xterm-256color', 'GNOME_DESKTOP_SESSION_ID': 'this-is-deprecated', 'ROS_LOCALHOST_ONLY': '0', 'PATH': '/home/yh6917/nuws/install/bin:/opt/ros/humble/bin:/usr/local/sbin:/usr/local/bin:/usr/sbin:/usr/bin:/sbin:/bin:/usr/games:/usr/local/games:/snap/bin:/snap/bin', 'SESSION_MANAGER': 'local/mydifferenthostname:@/tmp/.ICE-unix/1999,unix/mydifferenthostname:/tmp/.ICE-unix/1999', 'PAPERSIZE': 'letter', 'XDG_MENU_PREFIX': 'gnome-', 'LC_ADDRESS': 'en_US.UTF-8', 'GNOME_TERMINAL_SCREEN': '/org/gnome/Terminal/screen/d4007d27_74f9_4134_9001_daa43c2db929', 'GNOME_SETUP_DISPLAY': ':1', 'XDG_RUNTIME_DIR': '/run/user/1000', 'DISPLAY': ':0', 'TERMINATOR_DBUS_PATH': '/net/tenshu/Terminator2', 'LANG': 'en_US.UTF-8', 'XDG_CURRENT_DESKTOP': 'ubuntu:GNOME', 'IBUS_DISABLE_SNOOPER': '1', 'LC_TELEPHONE': 'en_US.UTF-8', 'XMODIFIERS': '@im=ibus', 'XDG_SESSION_DESKTOP': 'ubuntu', 'XAUTHORITY': '/run/user/1000/.mutter-Xwaylandauth.43XTU1', 'LS_COLORS': 'rs=0:di=01;34:ln=01;36:mh=00:pi=40;33:so=01;35:do=01;35:bd=40;33;01:cd=40;33;01:or=40;31;01:mi=00:su=37;41:sg=30;43:ca=30;41:tw=30;42:ow=34;42:st=37;44:ex=01;32:*.tar=01;31:*.tgz=01;31:*.arc=01;31:*.arj=01;31:*.taz=01;31:*.lha=01;31:*.lz4=01;31:*.lzh=01;31:*.lzma=01;31:*.tlz=01;31:*.txz=01;31:*.tzo=01;31:*.t7z=01;31:*.zip=01;31:*.z=01;31:*.dz=01;31:*.gz=01;31:*.lrz=01;31:*.lz=01;31:*.lzo=01;31:*.xz=01;31:*.zst=01;31:*.tzst=01;31:*.bz2=01;31:*.bz=01;31:*.tbz=01;31:*.tbz2=01;31:*.tz=01;31:*.deb=01;31:*.rpm=01;31:*.jar=01;31:*.war=01;31:*.ear=01;31:*.sar=01;31:*.rar=01;31:*.alz=01;31:*.ace=01;31:*.zoo=01;31:*.cpio=01;31:*.7z=01;31:*.rz=01;31:*.cab=01;31:*.wim=01;31:*.swm=01;31:*.dwm=01;31:*.esd=01;31:*.jpg=01;35:*.jpeg=01;35:*.mjpg=01;35:*.mjpeg=01;35:*.gif=01;35:*.bmp=01;35:*.pbm=01;35:*.pgm=01;35:*.ppm=01;35:*.tga=01;35:*.xbm=01;35:*.xpm=01;35:*.tif=01;35:*.tiff=01;35:*.png=01;35:*.svg=01;35:*.svgz=01;35:*.mng=01;35:*.pcx=01;35:*.mov=01;35:*.mpg=01;35:*.mpeg=01;35:*.m2v=01;35:*.mkv=01;35:*.webm=01;35:*.webp=01;35:*.ogm=01;35:*.mp4=01;35:*.m4v=01;35:*.mp4v=01;35:*.vob=01;35:*.qt=01;35:*.nuv=01;35:*.wmv=01;35:*.asf=01;35:*.rm=01;35:*.rmvb=01;35:*.flc=01;35:*.avi=01;35:*.fli=01;35:*.flv=01;35:*.gl=01;35:*.dl=01;35:*.xcf=01;35:*.xwd=01;35:*.yuv=01;35:*.cgm=01;35:*.emf=01;35:*.ogv=01;35:*.ogx=01;35:*.aac=00;36:*.au=00;36:*.flac=00;36:*.m4a=00;36:*.mid=00;36:*.midi=00;36:*.mka=00;36:*.mp3=00;36:*.mpc=00;36:*.ogg=00;36:*.ra=00;36:*.wav=00;36:*.oga=00;36:*.opus=00;36:*.spx=00;36:*.xspf=00;36:', 'GNOME_TERMINAL_SERVICE': ':1.7386', 'SSH_AGENT_LAUNCHER': 'gnome-keyring', 'SSH_AUTH_SOCK': '/run/user/1000/keyring/ssh', 'AMENT_PREFIX_PATH': '/home/yh6917/ME495/src/hw3group-jengabells/install/plan_execute:/home/yh6917/ME495/src/hw3group-jengabells/install/plan_execute_interface:/home/yh6917/ME495/src/homework3-hang-yin/install/diff_drive:/home/yh6917/ME495/src/homework3-hang-yin/install/arm_move:/home/yh6917/nuws/install:/opt/ros/humble', 'SHELL': '/bin/bash', 'LC_NAME': 'en_US.UTF-8', 'TERMINATOR_UUID': 'urn:uuid:d3bc6484-dd85-4094-a737-9f9507beef90', 'QT_ACCESSIBILITY': '1', 'GDMSESSION': 'ubuntu', 'LESSCLOSE': '/usr/bin/lesspipe %s %s', 'CMAKE_MODULE_PATH': '/home/yh6917/nuws/install/share/warehouse_ros_mongo/cmake', 'LC_MEASUREMENT': 'en_US.UTF-8', 'LC_IDENTIFICATION': 'en_US.UTF-8', 'QT_IM_MODULE': 'ibus', 'PWD': '/home/yh6917/ME495/src/hw3group-jengabells/build/plan_execute', 'XDG_CONFIG_DIRS': '/etc/xdg/xdg-ubuntu:/etc/xdg', 'XDG_DATA_DIRS': '/usr/share/ubuntu:/usr/local/share/:/usr/share/:/var/lib/snapd/desktop', 'PYTHONPATH': '/home/yh6917/ME495/src/hw3group-jengabells/build/plan_execute:/home/yh6917/ME495/src/hw3group-jengabells/install/plan_execute/lib/python3.10/site-packages:/home/yh6917/ME495/src/hw3group-jengabells/install/plan_execute_interface/local/lib/python3.10/dist-packages:/home/yh6917/ME495/src/homework3-hang-yin/install/diff_drive/lib/python3.10/site-packages:/home/yh6917/ME495/src/homework3-hang-yin/install/arm_move/lib/python3.10/site-packages:/home/yh6917/nuws/install/lib/python3.10/pyrealsense2:/home/yh6917/nuws/install/local/lib/python3.10/dist-packages:/home/yh6917/nuws/install/lib/python3.10/site-packages:/opt/ros/humble/lib/python3.10/site-packages:/opt/ros/humble/local/lib/python3.10/dist-packages', 'LC_NUMERIC': 'en_US.UTF-8', 'LC_PAPER': 'en_US.UTF-8', 'COLCON': '1', 'VTE_VERSION': '6800', 'CMAKE_PREFIX_PATH': '/home/yh6917/ME495/src/hw3group-jengabells/install/plan_execute_interface:/home/yh6917/nuws/install', 'PYTEST_ADDOPTS': '--tb=short --junit-xml=/home/yh6917/ME495/src/hw3group-jengabells/build/plan_execute/pytest.xml --junit-prefix=plan_execute -o cache_dir=/home/yh6917/ME495/src/hw3group-jengabells/build/plan_execute/.pytest_cache'}, 'shell': False}
[0.200249] (-) TimerEvent: {}
[0.300453] (-) TimerEvent: {}
[0.358102] (plan_execute) StdoutLine: {'line': b'\x1b[1m============================= test session starts ==============================\x1b[0m\n'}
[0.358255] (plan_execute) StdoutLine: {'line': b'platform linux -- Python 3.10.6, pytest-6.2.5, py-1.10.0, pluggy-0.13.0\n'}
[0.360785] (plan_execute) StdoutLine: {'line': b'cachedir: /home/yh6917/ME495/src/hw3group-jengabells/build/plan_execute/.pytest_cache\n'}
[0.361010] (plan_execute) StdoutLine: {'line': b'rootdir: /home/yh6917/ME495/src/hw3group-jengabells/plan_execute\n'}
[0.361143] (plan_execute) StdoutLine: {'line': b'plugins: ament-xmllint-0.12.4, ament-lint-0.12.4, ament-flake8-0.12.4, launch-testing-ros-0.19.3, ament-copyright-0.12.4, ament-pep257-0.12.4, launch-testing-1.0.2, colcon-core-0.10.0, cov-3.0.0\n'}
[0.400535] (-) TimerEvent: {}
[0.401674] (plan_execute) StdoutLine: {'line': b'\x1b[1mcollecting ... \x1b[0m\x1b[1m\n'}
[0.401895] (plan_execute) StdoutLine: {'line': b'collected 3 items                                                              \x1b[0m\n'}
[0.401966] (plan_execute) StdoutLine: {'line': b'\n'}
[0.405695] (plan_execute) StdoutLine: {'line': b'test/test_copyright.py \x1b[33ms\x1b[0m\x1b[32m                                                 [ 33%]\x1b[0m\n'}
[0.500622] (-) TimerEvent: {}
[0.508534] (plan_execute) StdoutLine: {'line': b'test/test_flake8.py \x1b[31mF\x1b[0m\x1b[31m                                                    [ 66%]\x1b[0m\n'}
[0.537120] (plan_execute) StdoutLine: {'line': b'test/test_pep257.py \x1b[31mF\x1b[0m\x1b[31m                                                    [100%]\x1b[0m\n'}
[0.537274] (plan_execute) StdoutLine: {'line': b'\n'}
[0.537324] (plan_execute) StdoutLine: {'line': b'=================================== FAILURES ===================================\n'}
[0.537369] (plan_execute) StdoutLine: {'line': b'\x1b[31m\x1b[1m_________________________________ test_flake8 __________________________________\x1b[0m\n'}
[0.537413] (plan_execute) StdoutLine: {'line': b'\x1b[1m\x1b[31mtest/test_flake8.py\x1b[0m:23: in test_flake8\n'}
[0.561439] (plan_execute) StdoutLine: {'line': b'    \x1b[94massert\x1b[39;49;00m rc == \x1b[94m0\x1b[39;49;00m, \\\n'}
[0.561660] (plan_execute) StdoutLine: {'line': b'\x1b[1m\x1b[31mE   AssertionError: Found 3 code style errors / warnings:\x1b[0m\n'}
[0.561962] (plan_execute) StdoutLine: {'line': b'\x1b[1m\x1b[31mE     ./plan_execute/simple_move.py:66:1: W293 blank line contains whitespace\x1b[0m\n'}
[0.562016] (plan_execute) StdoutLine: {'line': b'\x1b[1m\x1b[31mE     ./plan_execute/simple_move.py:75:23: E225 missing whitespace around operator\x1b[0m\n'}
[0.562059] (plan_execute) StdoutLine: {'line': b'\x1b[1m\x1b[31mE     ./plan_execute/simple_move.py:79:37: W291 trailing whitespace\x1b[0m\n'}
[0.562099] (plan_execute) StdoutLine: {'line': b'\x1b[1m\x1b[31mE   assert 1 == 0\x1b[0m\n'}
[0.562138] (plan_execute) StdoutLine: {'line': b'----------------------------- Captured stdout call -----------------------------\n'}
[0.562180] (plan_execute) StdoutLine: {'line': b'\n'}
[0.562220] (plan_execute) StdoutLine: {'line': b'./plan_execute/simple_move.py:66:1: W293 blank line contains whitespace\n'}
[0.562259] (plan_execute) StdoutLine: {'line': b'    \n'}
[0.562298] (plan_execute) StdoutLine: {'line': b'^\n'}
[0.562337] (plan_execute) StdoutLine: {'line': b'\n'}
[0.562375] (plan_execute) StdoutLine: {'line': b'./plan_execute/simple_move.py:75:23: E225 missing whitespace around operator\n'}
[0.562414] (plan_execute) StdoutLine: {'line': b'            if self.ct==100:\n'}
[0.562453] (plan_execute) StdoutLine: {'line': b'                      ^\n'}
[0.562493] (plan_execute) StdoutLine: {'line': b'\n'}
[0.562532] (plan_execute) StdoutLine: {'line': b'./plan_execute/simple_move.py:79:37: W291 trailing whitespace\n'}
[0.562570] (plan_execute) StdoutLine: {'line': b'        if self.state == State.CALL: \n'}
[0.562609] (plan_execute) StdoutLine: {'line': b'                                    ^\n'}
[0.562649] (plan_execute) StdoutLine: {'line': b'\n'}
[0.562688] (plan_execute) StdoutLine: {'line': b'1     E225 missing whitespace around operator\n'}
[0.562728] (plan_execute) StdoutLine: {'line': b'1     W291 trailing whitespace\n'}
[0.562767] (plan_execute) StdoutLine: {'line': b'1     W293 blank line contains whitespace\n'}
[0.562813] (plan_execute) StdoutLine: {'line': b'\n'}
[0.562853] (plan_execute) StdoutLine: {'line': b'8 files checked\n'}
[0.562896] (plan_execute) StdoutLine: {'line': b'3 errors\n'}
[0.562935] (plan_execute) StdoutLine: {'line': b'\n'}
[0.562974] (plan_execute) StdoutLine: {'line': b"'E'-type errors: 1\n"}
[0.563013] (plan_execute) StdoutLine: {'line': b"'W'-type errors: 2\n"}
[0.563052] (plan_execute) StdoutLine: {'line': b'\n'}
[0.563091] (plan_execute) StdoutLine: {'line': b'Checked files:\n'}
[0.563130] (plan_execute) StdoutLine: {'line': b'\n'}
[0.563169] (plan_execute) StdoutLine: {'line': b'* ./setup.py\n'}
[0.563208] (plan_execute) StdoutLine: {'line': b'* ./plan_execute/__init__.py\n'}
[0.563248] (plan_execute) StdoutLine: {'line': b'* ./plan_execute/plan_and_execute.py\n'}
[0.563295] (plan_execute) StdoutLine: {'line': b'* ./plan_execute/simple_move.py\n'}
[0.563335] (plan_execute) StdoutLine: {'line': b'* ./launch/simple_move.launch.py\n'}
[0.563375] (plan_execute) StdoutLine: {'line': b'* ./test/test_copyright.py\n'}
[0.563414] (plan_execute) StdoutLine: {'line': b'* ./test/test_flake8.py\n'}
[0.563455] (plan_execute) StdoutLine: {'line': b'* ./test/test_pep257.py\n'}
[0.563495] (plan_execute) StdoutLine: {'line': b'----------------------------- Captured stderr call -----------------------------\n'}
[0.563534] (plan_execute) StdoutLine: {'line': b'option --max-complexity: please update from optparse string `type=` to argparse callable `type=` -- this will be an error in the future\n'}
[0.563574] (plan_execute) StdoutLine: {'line': b'\x1b[31m\x1b[1m_________________________________ test_pep257 __________________________________\x1b[0m\n'}
[0.563613] (plan_execute) StdoutLine: {'line': b'\x1b[1m\x1b[31mtest/test_pep257.py\x1b[0m:23: in test_pep257\n'}
[0.563653] (plan_execute) StdoutLine: {'line': b"    \x1b[94massert\x1b[39;49;00m rc == \x1b[94m0\x1b[39;49;00m, \x1b[33m'\x1b[39;49;00m\x1b[33mFound code style errors / warnings\x1b[39;49;00m\x1b[33m'\x1b[39;49;00m\n"}
[0.563693] (plan_execute) StdoutLine: {'line': b'\x1b[1m\x1b[31mE   AssertionError: Found code style errors / warnings\x1b[0m\n'}
[0.563733] (plan_execute) StdoutLine: {'line': b'\x1b[1m\x1b[31mE   assert 1 == 0\x1b[0m\n'}
[0.563772] (plan_execute) StdoutLine: {'line': b'----------------------------- Captured stdout call -----------------------------\n'}
[0.563812] (plan_execute) StdoutLine: {'line': b'checking ./launch/simple_move.launch.py\n'}
[0.563851] (plan_execute) StdoutLine: {'line': b'checking ./plan_execute/__init__.py\n'}
[0.563889] (plan_execute) StdoutLine: {'line': b'checking ./plan_execute/plan_and_execute.py\n'}
[0.563927] (plan_execute) StdoutLine: {'line': b"./plan_execute/plan_and_execute.py:121 in public method `plan_to_position`: D400: First line should end with a period (not 'n')\n"}
[0.563965] (plan_execute) StdoutLine: {'line': b"./plan_execute/plan_and_execute.py:121 in public method `plan_to_position`: D415: First line should end with a period, question mark, or exclamation point (not 'n')\n"}
[0.564003] (plan_execute) StdoutLine: {'line': b"./plan_execute/plan_and_execute.py:121 in public method `plan_to_position`: D401: First line should be in imperative mood (perhaps 'Return', not 'Returns')\n"}
[0.564041] (plan_execute) StdoutLine: {'line': b"./plan_execute/plan_and_execute.py:141 in public method `plan_to_orientation`: D400: First line should end with a period (not 'n')\n"}
[0.564080] (plan_execute) StdoutLine: {'line': b"./plan_execute/plan_and_execute.py:141 in public method `plan_to_orientation`: D415: First line should end with a period, question mark, or exclamation point (not 'n')\n"}
[0.564118] (plan_execute) StdoutLine: {'line': b"./plan_execute/plan_and_execute.py:141 in public method `plan_to_orientation`: D401: First line should be in imperative mood (perhaps 'Return', not 'Returns')\n"}
[0.564161] (plan_execute) StdoutLine: {'line': b"./plan_execute/plan_and_execute.py:163 in public method `plan_to_pose`: D400: First line should end with a period (not ')')\n"}
[0.564199] (plan_execute) StdoutLine: {'line': b"./plan_execute/plan_and_execute.py:163 in public method `plan_to_pose`: D415: First line should end with a period, question mark, or exclamation point (not ')')\n"}
[0.564238] (plan_execute) StdoutLine: {'line': b"./plan_execute/plan_and_execute.py:163 in public method `plan_to_pose`: D401: First line should be in imperative mood (perhaps 'Return', not 'Returns')\n"}
[0.564276] (plan_execute) StdoutLine: {'line': b'checking ./plan_execute/simple_move.py\n'}
[0.564314] (plan_execute) StdoutLine: {'line': b'./plan_execute/simple_move.py:11 in public class `State`: D204: 1 blank line required after class docstring (found 0)\n'}
[0.564352] (plan_execute) StdoutLine: {'line': b'checking ./setup.py\n'}
[0.564390] (plan_execute) StdoutLine: {'line': b'checking ./test/test_copyright.py\n'}
[0.564428] (plan_execute) StdoutLine: {'line': b'checking ./test/test_flake8.py\n'}
[0.564466] (plan_execute) StdoutLine: {'line': b'checking ./test/test_pep257.py\n'}
[0.564504] (plan_execute) StdoutLine: {'line': b'checking test/test_copyright.py\n'}
[0.564543] (plan_execute) StdoutLine: {'line': b'checking test/test_flake8.py\n'}
[0.564582] (plan_execute) StdoutLine: {'line': b'checking test/test_pep257.py\n'}
[0.564621] (plan_execute) StdoutLine: {'line': b'10 errors\n'}
[0.564659] (plan_execute) StderrLine: {'line': b'\x1b[33m=============================== warnings summary ===============================\x1b[0m\n'}
[0.564708] (plan_execute) StderrLine: {'line': b'test/test_flake8.py::test_flake8\n'}
[0.564749] (plan_execute) StderrLine: {'line': b'test/test_flake8.py::test_flake8\n'}
[0.564786] (plan_execute) StderrLine: {'line': b'  Warning: SelectableGroups dict interface is deprecated. Use select.\n'}
[0.564838] (plan_execute) StderrLine: {'line': b'\n'}
[0.564877] (plan_execute) StderrLine: {'line': b'-- Docs: https://docs.pytest.org/en/stable/warnings.html\n'}
[0.564916] (plan_execute) StdoutLine: {'line': b'- generated xml file: /home/yh6917/ME495/src/hw3group-jengabells/build/plan_execute/pytest.xml -\n'}
[0.564957] (plan_execute) StdoutLine: {'line': b'=========================== short test summary info ============================\n'}
[0.564997] (plan_execute) StdoutLine: {'line': b'FAILED test/test_flake8.py::test_flake8 - AssertionError: Found 3 code style ...\n'}
[0.565039] (plan_execute) StdoutLine: {'line': b'FAILED test/test_pep257.py::test_pep257 - AssertionError: Found code style er...\n'}
[0.565077] (plan_execute) StdoutLine: {'line': b'\x1b[31m=================== \x1b[31m\x1b[1m2 failed\x1b[0m, \x1b[33m1 skipped\x1b[0m, \x1b[33m2 warnings\x1b[0m\x1b[31m in 0.20s\x1b[0m\x1b[31m ===================\x1b[0m\n'}
[0.600799] (-) TimerEvent: {}
[0.604961] (plan_execute) CommandEnded: {'returncode': 1}
[0.605283] (plan_execute) TestFailure: {'identifier': 'plan_execute'}
[0.605303] (plan_execute) JobEnded: {'identifier': 'plan_execute', 'rc': 0}
[0.615424] (-) EventReactorShutdown: {}
