<?xml version="1.0" encoding="utf-8"?><testsuites><testsuite name="pytest" errors="0" failures="2" skipped="1" tests="3" time="0.181" timestamp="2022-11-09T17:34:16.005741" hostname="mydifferenthostname"><testcase classname="plan_execute.test.test_copyright" name="test_copyright" time="0.000"><skipped type="pytest.skip" message="No copyright header has been placed in the generated source file.">/home/yh6917/ME495/src/hw3group-jengabells/plan_execute/test/test_copyright.py:20: No copyright header has been placed in the generated source file.</skipped></testcase><testcase classname="plan_execute.test.test_flake8" name="test_flake8" time="0.086"><failure message="AssertionError: Found 3 code style errors / warnings:&#10;  ./plan_execute/simple_move.py:66:1: W293 blank line contains whitespace&#10;  ./plan_execute/simple_move.py:75:23: E225 missing whitespace around operator&#10;  ./plan_execute/simple_move.py:79:37: W291 trailing whitespace&#10;assert 1 == 0">test/test_flake8.py:23: in test_flake8
    assert rc == 0, \
E   AssertionError: Found 3 code style errors / warnings:
E     ./plan_execute/simple_move.py:66:1: W293 blank line contains whitespace
E     ./plan_execute/simple_move.py:75:23: E225 missing whitespace around operator
E     ./plan_execute/simple_move.py:79:37: W291 trailing whitespace
E   assert 1 == 0</failure></testcase><testcase classname="plan_execute.test.test_pep257" name="test_pep257" time="0.027"><failure message="AssertionError: Found code style errors / warnings&#10;assert 1 == 0">test/test_pep257.py:23: in test_pep257
    assert rc == 0, 'Found code style errors / warnings'
E   AssertionError: Found code style errors / warnings
E   assert 1 == 0</failure></testcase></testsuite></testsuites>