[1m============================= test session starts ==============================[0m
platform linux -- Python 3.10.6, pytest-6.2.5, py-1.10.0, pluggy-0.13.0
cachedir: /home/yh6917/ME495/src/hw3group-jengabells/build/plan_execute/.pytest_cache
rootdir: /home/yh6917/ME495/src/hw3group-jengabells/plan_execute
plugins: ament-xmllint-0.12.4, ament-lint-0.12.4, ament-flake8-0.12.4, launch-testing-ros-0.19.3, ament-copyright-0.12.4, ament-pep257-0.12.4, launch-testing-1.0.2, colcon-core-0.10.0, cov-3.0.0
[1mcollecting ... [0m[1m
collected 3 items                                                              [0m

test/test_copyright.py [33ms[0m[32m                                                 [ 33%][0m
test/test_flake8.py [31mF[0m[31m                                                    [ 66%][0m
test/test_pep257.py [31mF[0m[31m                                                    [100%][0m

=================================== FAILURES ===================================
[31m[1m_________________________________ test_flake8 __________________________________[0m
[1m[31mtest/test_flake8.py[0m:23: in test_flake8
    [94massert[39;49;00m rc == [94m0[39;49;00m, \
[1m[31mE   AssertionError: Found 14 code style errors / warnings:[0m
[1m[31mE     ./plan_execute/simple_move.py:35:100: E501 line too long (102 > 99 characters)[0m
[1m[31mE     ./plan_execute/simple_move.py:50:9: E741 ambiguous variable name 'l'[0m
[1m[31mE     ./plan_execute/simple_move.py:51:12: E741 ambiguous variable name 'l'[0m
[1m[31mE     ./plan_execute/simple_move.py:55:14: E741 ambiguous variable name 'l'[0m
[1m[31mE     ./plan_execute/simple_move.py:55:21: W291 trailing whitespace[0m
[1m[31mE     ./plan_execute/simple_move.py:65:1: W293 blank line contains whitespace[0m
[1m[31mE     ./plan_execute/simple_move.py:74:23: E225 missing whitespace around operator[0m
[1m[31mE     ./plan_execute/simple_move.py:78:37: W291 trailing whitespace[0m
[1m[31mE     ./plan_execute/simple_move.py:80:100: E501 line too long (103 > 99 characters)[0m
[1m[31mE     ./plan_execute/simple_move.py:81:100: E501 line too long (109 > 99 characters)[0m
[1m[31mE     ./plan_execute/simple_move.py:82:100: E501 line too long (112 > 99 characters)[0m
[1m[31mE     ./plan_execute/simple_move.py:92:21: W292 no newline at end of file[0m
[1m[31mE     ./launch/simple_move.launch.py:30:1: E122 continuation line missing indentation or outdented[0m
[1m[31mE     ./launch/simple_move.launch.py:30:3: W292 no newline at end of file[0m
[1m[31mE   assert 1 == 0[0m
[33m=============================== warnings summary ===============================[0m
test/test_flake8.py::test_flake8
test/test_flake8.py::test_flake8
  Warning: SelectableGroups dict interface is deprecated. Use select.

-- Docs: https://docs.pytest.org/en/stable/warnings.html
----------------------------- Captured stdout call -----------------------------

./plan_execute/simple_move.py:35:100: E501 line too long (102 > 99 characters)
        self.timer = self.create_timer(1./self.freq, self.timer_callback, callback_group=self.cbgroup)
                                                                                                   ^

./plan_execute/simple_move.py:50:9: E741 ambiguous variable name 'l'
        l = len(self.start_pose)
        ^

./plan_execute/simple_move.py:51:12: E741 ambiguous variable name 'l'
        if l == 0:
           ^

./plan_execute/simple_move.py:55:14: E741 ambiguous variable name 'l'
        elif l == 1: 
             ^

./plan_execute/simple_move.py:55:21: W291 trailing whitespace
        elif l == 1: 
                    ^

./plan_execute/simple_move.py:65:1: W293 blank line contains whitespace
    
^

./plan_execute/simple_move.py:74:23: E225 missing whitespace around operator
            if self.ct==100:
                      ^

./plan_execute/simple_move.py:78:37: W291 trailing whitespace
        if self.state == State.CALL: 
                                    ^

./plan_execute/simple_move.py:80:100: E501 line too long (103 > 99 characters)
            self.future = await self.PlanEx.plan_to_pose(self.start_pose, self.goal_pose, self.execute)
                                                                                                   ^

./plan_execute/simple_move.py:81:100: E501 line too long (109 > 99 characters)
            # self.future = await self.PlanEx.plan_to_position(self.start_pose, self.goal_pose, self.execute)
                                                                                                   ^

./plan_execute/simple_move.py:82:100: E501 line too long (112 > 99 characters)
            # self.future = await self.PlanEx.plan_to_orientation(self.start_pose, self.goal_pose, self.execute)
                                                                                                   ^

./plan_execute/simple_move.py:92:21: W292 no newline at end of file
    rclpy.shutdown()                    ^

./launch/simple_move.launch.py:30:1: E122 continuation line missing indentation or outdented
])^

./launch/simple_move.launch.py:30:3: W292 no newline at end of file
])  ^

1     E122 continuation line missing indentation or outdented
1     E225 missing whitespace around operator
4     E501 line too long (102 > 99 characters)
3     E741 ambiguous variable name 'l'
2     W291 trailing whitespace
2     W292 no newline at end of file
1     W293 blank line contains whitespace

8 files checked
14 errors

'E'-type errors: 9
'W'-type errors: 5

Checked files:

* ./setup.py
* ./plan_execute/__init__.py
* ./plan_execute/plan_and_execute.py
* ./plan_execute/simple_move.py
* ./launch/simple_move.launch.py
* ./test/test_copyright.py
* ./test/test_flake8.py
* ./test/test_pep257.py
----------------------------- Captured stderr call -----------------------------
option --max-complexity: please update from optparse string `type=` to argparse callable `type=` -- this will be an error in the future
[31m[1m_________________________________ test_pep257 __________________________________[0m
[1m[31mtest/test_pep257.py[0m:23: in test_pep257
    [94massert[39;49;00m rc == [94m0[39;49;00m, [33m'[39;49;00m[33mFound code style errors / warnings[39;49;00m[33m'[39;49;00m
[1m[31mE   AssertionError: Found code style errors / warnings[0m
[1m[31mE   assert 1 == 0[0m
----------------------------- Captured stdout call -----------------------------
checking ./launch/simple_move.launch.py
checking ./plan_execute/__init__.py
checking ./plan_execute/plan_and_execute.py
./plan_execute/plan_and_execute.py:121 in public method `plan_to_position`: D400: First line should end with a period (not 'n')
./plan_execute/plan_and_execute.py:121 in public method `plan_to_position`: D415: First line should end with a period, question mark, or exclamation point (not 'n')
./plan_execute/plan_and_execute.py:121 in public method `plan_to_position`: D401: First line should be in imperative mood (perhaps 'Return', not 'Returns')
./plan_execute/plan_and_execute.py:141 in public method `plan_to_orientation`: D400: First line should end with a period (not 'n')
./plan_execute/plan_and_execute.py:141 in public method `plan_to_orientation`: D415: First line should end with a period, question mark, or exclamation point (not 'n')
./plan_execute/plan_and_execute.py:141 in public method `plan_to_orientation`: D401: First line should be in imperative mood (perhaps 'Return', not 'Returns')
./plan_execute/plan_and_execute.py:163 in public method `plan_to_pose`: D400: First line should end with a period (not ')')
./plan_execute/plan_and_execute.py:163 in public method `plan_to_pose`: D415: First line should end with a period, question mark, or exclamation point (not ')')
./plan_execute/plan_and_execute.py:163 in public method `plan_to_pose`: D401: First line should be in imperative mood (perhaps 'Return', not 'Returns')
checking ./plan_execute/simple_move.py
./plan_execute/simple_move.py:11 in public class `State`: D204: 1 blank line required after class docstring (found 0)
checking ./setup.py
checking ./test/test_copyright.py
checking ./test/test_flake8.py
checking ./test/test_pep257.py
checking test/test_copyright.py
checking test/test_flake8.py
checking test/test_pep257.py
10 errors
- generated xml file: /home/yh6917/ME495/src/hw3group-jengabells/build/plan_execute/pytest.xml -
=========================== short test summary info ============================
FAILED test/test_flake8.py::test_flake8 - AssertionError: Found 14 code style...
FAILED test/test_pep257.py::test_pep257 - AssertionError: Found code style er...
[31m=================== [31m[1m2 failed[0m, [33m1 skipped[0m, [33m2 warnings[0m[31m in 0.20s[0m[31m ===================[0m
