[0.190s] Invoking command in '/home/yh6917/ME495/src/hw3group-jengabells/plan_execute': AMENT_PREFIX_PATH=/home/yh6917/ME495/src/hw3group-jengabells/install/plan_execute:/home/yh6917/ME495/src/hw3group-jengabells/install/plan_execute_interface:/home/yh6917/ME495/src/homework3-hang-yin/install/diff_drive:/home/yh6917/ME495/src/homework3-hang-yin/install/arm_move:/home/yh6917/nuws/install:/opt/ros/humble PYTEST_ADDOPTS=--tb=short --junit-xml=/home/yh6917/ME495/src/hw3group-jengabells/build/plan_execute/pytest.xml --junit-prefix=plan_execute -o cache_dir=/home/yh6917/ME495/src/hw3group-jengabells/build/plan_execute/.pytest_cache PYTHONPATH=/home/yh6917/ME495/src/hw3group-jengabells/build/plan_execute:/home/yh6917/ME495/src/hw3group-jengabells/install/plan_execute/lib/python3.10/site-packages:/home/yh6917/ME495/src/hw3group-jengabells/install/plan_execute_interface/local/lib/python3.10/dist-packages:/home/yh6917/ME495/src/homework3-hang-yin/install/diff_drive/lib/python3.10/site-packages:/home/yh6917/ME495/src/homework3-hang-yin/install/arm_move/lib/python3.10/site-packages:/home/yh6917/nuws/install/lib/python3.10/pyrealsense2:/home/yh6917/nuws/install/local/lib/python3.10/dist-packages:/home/yh6917/nuws/install/lib/python3.10/site-packages:/opt/ros/humble/lib/python3.10/site-packages:/opt/ros/humble/local/lib/python3.10/dist-packages /usr/bin/python3 -m pytest
[0.367s] [1m============================= test session starts ==============================[0m
[0.367s] platform linux -- Python 3.10.6, pytest-6.2.5, py-1.10.0, pluggy-0.13.0
[0.370s] cachedir: /home/yh6917/ME495/src/hw3group-jengabells/build/plan_execute/.pytest_cache
[0.370s] rootdir: /home/yh6917/ME495/src/hw3group-jengabells/plan_execute
[0.370s] plugins: ament-xmllint-0.12.4, ament-lint-0.12.4, ament-flake8-0.12.4, launch-testing-ros-0.19.3, ament-copyright-0.12.4, ament-pep257-0.12.4, launch-testing-1.0.2, colcon-core-0.10.0, cov-3.0.0
[0.411s] [1mcollecting ... [0m[1m
[0.411s] collected 3 items                                                              [0m
[0.411s] 
[0.415s] test/test_copyright.py [33ms[0m[32m                                                 [ 33%][0m
[0.514s] test/test_flake8.py [31mF[0m[31m                                                    [ 66%][0m
[0.541s] test/test_pep257.py [31mF[0m[31m                                                    [100%][0m
[0.541s] 
[0.541s] =================================== FAILURES ===================================
[0.541s] [31m[1m_________________________________ test_flake8 __________________________________[0m
[0.541s] [1m[31mtest/test_flake8.py[0m:23: in test_flake8
[0.565s]     [94massert[39;49;00m rc == [94m0[39;49;00m, \
[0.566s] [1m[31mE   AssertionError: Found 14 code style errors / warnings:[0m
[0.566s] [1m[31mE     ./plan_execute/simple_move.py:35:100: E501 line too long (102 > 99 characters)[0m
[0.566s] [1m[31mE     ./plan_execute/simple_move.py:50:9: E741 ambiguous variable name 'l'[0m
[0.566s] [1m[31mE     ./plan_execute/simple_move.py:51:12: E741 ambiguous variable name 'l'[0m
[0.566s] [1m[31mE     ./plan_execute/simple_move.py:55:14: E741 ambiguous variable name 'l'[0m
[0.566s] [1m[31mE     ./plan_execute/simple_move.py:55:21: W291 trailing whitespace[0m
[0.566s] [1m[31mE     ./plan_execute/simple_move.py:65:1: W293 blank line contains whitespace[0m
[0.566s] [1m[31mE     ./plan_execute/simple_move.py:74:23: E225 missing whitespace around operator[0m
[0.566s] [1m[31mE     ./plan_execute/simple_move.py:78:37: W291 trailing whitespace[0m
[0.566s] [1m[31mE     ./plan_execute/simple_move.py:80:100: E501 line too long (103 > 99 characters)[0m
[0.566s] [1m[31mE     ./plan_execute/simple_move.py:81:100: E501 line too long (109 > 99 characters)[0m
[0.566s] [1m[31mE     ./plan_execute/simple_move.py:82:100: E501 line too long (112 > 99 characters)[0m
[0.566s] [1m[31mE     ./plan_execute/simple_move.py:92:21: W292 no newline at end of file[0m
[0.566s] [1m[31mE     ./launch/simple_move.launch.py:30:1: E122 continuation line missing indentation or outdented[0m
[0.567s] [1m[31mE     ./launch/simple_move.launch.py:30:3: W292 no newline at end of file[0m
[0.567s] [1m[31mE   assert 1 == 0[0m
[0.567s] [33m=============================== warnings summary ===============================[0m
[0.567s] test/test_flake8.py::test_flake8
[0.567s] test/test_flake8.py::test_flake8
[0.567s]   Warning: SelectableGroups dict interface is deprecated. Use select.
[0.567s] 
[0.567s] -- Docs: https://docs.pytest.org/en/stable/warnings.html
[0.567s] ----------------------------- Captured stdout call -----------------------------
[0.567s] 
[0.567s] ./plan_execute/simple_move.py:35:100: E501 line too long (102 > 99 characters)
[0.567s]         self.timer = self.create_timer(1./self.freq, self.timer_callback, callback_group=self.cbgroup)
[0.567s]                                                                                                    ^
[0.567s] 
[0.567s] ./plan_execute/simple_move.py:50:9: E741 ambiguous variable name 'l'
[0.567s]         l = len(self.start_pose)
[0.567s]         ^
[0.567s] 
[0.567s] ./plan_execute/simple_move.py:51:12: E741 ambiguous variable name 'l'
[0.567s]         if l == 0:
[0.567s]            ^
[0.567s] 
[0.567s] ./plan_execute/simple_move.py:55:14: E741 ambiguous variable name 'l'
[0.567s]         elif l == 1: 
[0.567s]              ^
[0.568s] 
[0.568s] ./plan_execute/simple_move.py:55:21: W291 trailing whitespace
[0.568s]         elif l == 1: 
[0.568s]                     ^
[0.568s] 
[0.568s] ./plan_execute/simple_move.py:65:1: W293 blank line contains whitespace
[0.568s]     
[0.568s] ^
[0.568s] 
[0.568s] ./plan_execute/simple_move.py:74:23: E225 missing whitespace around operator
[0.568s]             if self.ct==100:
[0.568s]                       ^
[0.568s] 
[0.568s] ./plan_execute/simple_move.py:78:37: W291 trailing whitespace
[0.568s]         if self.state == State.CALL: 
[0.568s]                                     ^
[0.568s] 
[0.568s] ./plan_execute/simple_move.py:80:100: E501 line too long (103 > 99 characters)
[0.568s]             self.future = await self.PlanEx.plan_to_pose(self.start_pose, self.goal_pose, self.execute)
[0.568s]                                                                                                    ^
[0.568s] 
[0.568s] ./plan_execute/simple_move.py:81:100: E501 line too long (109 > 99 characters)
[0.568s]             # self.future = await self.PlanEx.plan_to_position(self.start_pose, self.goal_pose, self.execute)
[0.568s]                                                                                                    ^
[0.568s] 
[0.569s] ./plan_execute/simple_move.py:82:100: E501 line too long (112 > 99 characters)
[0.569s]             # self.future = await self.PlanEx.plan_to_orientation(self.start_pose, self.goal_pose, self.execute)
[0.569s]                                                                                                    ^
[0.569s] 
[0.569s] ./plan_execute/simple_move.py:92:21: W292 no newline at end of file
[0.569s]     rclpy.shutdown()                    ^
[0.569s] 
[0.569s] ./launch/simple_move.launch.py:30:1: E122 continuation line missing indentation or outdented
[0.569s] ])^
[0.569s] 
[0.569s] ./launch/simple_move.launch.py:30:3: W292 no newline at end of file
[0.569s] ])  ^
[0.569s] 
[0.569s] 1     E122 continuation line missing indentation or outdented
[0.569s] 1     E225 missing whitespace around operator
[0.569s] 4     E501 line too long (102 > 99 characters)
[0.569s] 3     E741 ambiguous variable name 'l'
[0.569s] 2     W291 trailing whitespace
[0.569s] 2     W292 no newline at end of file
[0.569s] 1     W293 blank line contains whitespace
[0.569s] 
[0.569s] 8 files checked
[0.569s] 14 errors
[0.569s] 
[0.570s] 'E'-type errors: 9
[0.570s] 'W'-type errors: 5
[0.570s] 
[0.570s] Checked files:
[0.570s] 
[0.570s] * ./setup.py
[0.570s] * ./plan_execute/__init__.py
[0.570s] * ./plan_execute/plan_and_execute.py
[0.570s] * ./plan_execute/simple_move.py
[0.570s] * ./launch/simple_move.launch.py
[0.570s] * ./test/test_copyright.py
[0.570s] * ./test/test_flake8.py
[0.570s] * ./test/test_pep257.py
[0.570s] ----------------------------- Captured stderr call -----------------------------
[0.570s] option --max-complexity: please update from optparse string `type=` to argparse callable `type=` -- this will be an error in the future
[0.570s] [31m[1m_________________________________ test_pep257 __________________________________[0m
[0.570s] [1m[31mtest/test_pep257.py[0m:23: in test_pep257
[0.570s]     [94massert[39;49;00m rc == [94m0[39;49;00m, [33m'[39;49;00m[33mFound code style errors / warnings[39;49;00m[33m'[39;49;00m
[0.570s] [1m[31mE   AssertionError: Found code style errors / warnings[0m
[0.570s] [1m[31mE   assert 1 == 0[0m
[0.570s] ----------------------------- Captured stdout call -----------------------------
[0.570s] checking ./launch/simple_move.launch.py
[0.570s] checking ./plan_execute/__init__.py
[0.570s] checking ./plan_execute/plan_and_execute.py
[0.571s] ./plan_execute/plan_and_execute.py:121 in public method `plan_to_position`: D400: First line should end with a period (not 'n')
[0.571s] ./plan_execute/plan_and_execute.py:121 in public method `plan_to_position`: D415: First line should end with a period, question mark, or exclamation point (not 'n')
[0.571s] ./plan_execute/plan_and_execute.py:121 in public method `plan_to_position`: D401: First line should be in imperative mood (perhaps 'Return', not 'Returns')
[0.571s] ./plan_execute/plan_and_execute.py:141 in public method `plan_to_orientation`: D400: First line should end with a period (not 'n')
[0.571s] ./plan_execute/plan_and_execute.py:141 in public method `plan_to_orientation`: D415: First line should end with a period, question mark, or exclamation point (not 'n')
[0.571s] ./plan_execute/plan_and_execute.py:141 in public method `plan_to_orientation`: D401: First line should be in imperative mood (perhaps 'Return', not 'Returns')
[0.571s] ./plan_execute/plan_and_execute.py:163 in public method `plan_to_pose`: D400: First line should end with a period (not ')')
[0.571s] ./plan_execute/plan_and_execute.py:163 in public method `plan_to_pose`: D415: First line should end with a period, question mark, or exclamation point (not ')')
[0.571s] ./plan_execute/plan_and_execute.py:163 in public method `plan_to_pose`: D401: First line should be in imperative mood (perhaps 'Return', not 'Returns')
[0.571s] checking ./plan_execute/simple_move.py
[0.571s] ./plan_execute/simple_move.py:11 in public class `State`: D204: 1 blank line required after class docstring (found 0)
[0.571s] checking ./setup.py
[0.571s] checking ./test/test_copyright.py
[0.571s] checking ./test/test_flake8.py
[0.571s] checking ./test/test_pep257.py
[0.571s] checking test/test_copyright.py
[0.571s] checking test/test_flake8.py
[0.571s] checking test/test_pep257.py
[0.571s] 10 errors
[0.571s] - generated xml file: /home/yh6917/ME495/src/hw3group-jengabells/build/plan_execute/pytest.xml -
[0.571s] =========================== short test summary info ============================
[0.571s] FAILED test/test_flake8.py::test_flake8 - AssertionError: Found 14 code style...
[0.571s] FAILED test/test_pep257.py::test_pep257 - AssertionError: Found code style er...
[0.571s] [31m=================== [31m[1m2 failed[0m, [33m1 skipped[0m, [33m2 warnings[0m[31m in 0.20s[0m[31m ===================[0m
[0.609s] Invoked command in '/home/yh6917/ME495/src/hw3group-jengabells/plan_execute' returned '1': AMENT_PREFIX_PATH=/home/yh6917/ME495/src/hw3group-jengabells/install/plan_execute:/home/yh6917/ME495/src/hw3group-jengabells/install/plan_execute_interface:/home/yh6917/ME495/src/homework3-hang-yin/install/diff_drive:/home/yh6917/ME495/src/homework3-hang-yin/install/arm_move:/home/yh6917/nuws/install:/opt/ros/humble PYTEST_ADDOPTS=--tb=short --junit-xml=/home/yh6917/ME495/src/hw3group-jengabells/build/plan_execute/pytest.xml --junit-prefix=plan_execute -o cache_dir=/home/yh6917/ME495/src/hw3group-jengabells/build/plan_execute/.pytest_cache PYTHONPATH=/home/yh6917/ME495/src/hw3group-jengabells/build/plan_execute:/home/yh6917/ME495/src/hw3group-jengabells/install/plan_execute/lib/python3.10/site-packages:/home/yh6917/ME495/src/hw3group-jengabells/install/plan_execute_interface/local/lib/python3.10/dist-packages:/home/yh6917/ME495/src/homework3-hang-yin/install/diff_drive/lib/python3.10/site-packages:/home/yh6917/ME495/src/homework3-hang-yin/install/arm_move/lib/python3.10/site-packages:/home/yh6917/nuws/install/lib/python3.10/pyrealsense2:/home/yh6917/nuws/install/local/lib/python3.10/dist-packages:/home/yh6917/nuws/install/lib/python3.10/site-packages:/opt/ros/humble/lib/python3.10/site-packages:/opt/ros/humble/local/lib/python3.10/dist-packages /usr/bin/python3 -m pytest
