[1m============================= test session starts ==============================[0m
platform linux -- Python 3.10.6, pytest-6.2.5, py-1.10.0, pluggy-0.13.0
cachedir: /home/yh6917/ME495/src/hw3group-jengabells/build/plan_execute/.pytest_cache
rootdir: /home/yh6917/ME495/src/hw3group-jengabells/plan_execute
plugins: ament-xmllint-0.12.4, ament-lint-0.12.4, ament-flake8-0.12.4, launch-testing-ros-0.19.3, ament-copyright-0.12.4, ament-pep257-0.12.4, launch-testing-1.0.2, colcon-core-0.10.0, cov-3.0.0
[1mcollecting ... [0m[1m
collected 3 items                                                              [0m

test/test_copyright.py [33ms[0m[32m                                                 [ 33%][0m
test/test_flake8.py [31mF[0m[31m                                                    [ 66%][0m
test/test_pep257.py [31mF[0m[31m                                                    [100%][0m

=================================== FAILURES ===================================
[31m[1m_________________________________ test_flake8 __________________________________[0m
[1m[31mtest/test_flake8.py[0m:23: in test_flake8
    [94massert[39;49;00m rc == [94m0[39;49;00m, \
[1m[31mE   AssertionError: Found 3 code style errors / warnings:[0m
[1m[31mE     ./plan_execute/simple_move.py:66:1: W293 blank line contains whitespace[0m
[1m[31mE     ./plan_execute/simple_move.py:75:23: E225 missing whitespace around operator[0m
[1m[31mE     ./plan_execute/simple_move.py:79:37: W291 trailing whitespace[0m
[1m[31mE   assert 1 == 0[0m
----------------------------- Captured stdout call -----------------------------

./plan_execute/simple_move.py:66:1: W293 blank line contains whitespace
    
^

./plan_execute/simple_move.py:75:23: E225 missing whitespace around operator
            if self.ct==100:
                      ^

./plan_execute/simple_move.py:79:37: W291 trailing whitespace
        if self.state == State.CALL: 
                                    ^

1     E225 missing whitespace around operator
1     W291 trailing whitespace
1     W293 blank line contains whitespace

8 files checked
3 errors

'E'-type errors: 1
'W'-type errors: 2

Checked files:

* ./setup.py
* ./plan_execute/__init__.py
* ./plan_execute/plan_and_execute.py
* ./plan_execute/simple_move.py
* ./launch/simple_move.launch.py
* ./test/test_copyright.py
* ./test/test_flake8.py
* ./test/test_pep257.py
----------------------------- Captured stderr call -----------------------------
option --max-complexity: please update from optparse string `type=` to argparse callable `type=` -- this will be an error in the future
[31m[1m_________________________________ test_pep257 __________________________________[0m
[1m[31mtest/test_pep257.py[0m:23: in test_pep257
    [94massert[39;49;00m rc == [94m0[39;49;00m, [33m'[39;49;00m[33mFound code style errors / warnings[39;49;00m[33m'[39;49;00m
[1m[31mE   AssertionError: Found code style errors / warnings[0m
[1m[31mE   assert 1 == 0[0m
----------------------------- Captured stdout call -----------------------------
checking ./launch/simple_move.launch.py
checking ./plan_execute/__init__.py
checking ./plan_execute/plan_and_execute.py
./plan_execute/plan_and_execute.py:121 in public method `plan_to_position`: D400: First line should end with a period (not 'n')
./plan_execute/plan_and_execute.py:121 in public method `plan_to_position`: D415: First line should end with a period, question mark, or exclamation point (not 'n')
./plan_execute/plan_and_execute.py:121 in public method `plan_to_position`: D401: First line should be in imperative mood (perhaps 'Return', not 'Returns')
./plan_execute/plan_and_execute.py:141 in public method `plan_to_orientation`: D400: First line should end with a period (not 'n')
./plan_execute/plan_and_execute.py:141 in public method `plan_to_orientation`: D415: First line should end with a period, question mark, or exclamation point (not 'n')
./plan_execute/plan_and_execute.py:141 in public method `plan_to_orientation`: D401: First line should be in imperative mood (perhaps 'Return', not 'Returns')
./plan_execute/plan_and_execute.py:163 in public method `plan_to_pose`: D400: First line should end with a period (not ')')
./plan_execute/plan_and_execute.py:163 in public method `plan_to_pose`: D415: First line should end with a period, question mark, or exclamation point (not ')')
./plan_execute/plan_and_execute.py:163 in public method `plan_to_pose`: D401: First line should be in imperative mood (perhaps 'Return', not 'Returns')
checking ./plan_execute/simple_move.py
./plan_execute/simple_move.py:11 in public class `State`: D204: 1 blank line required after class docstring (found 0)
checking ./setup.py
checking ./test/test_copyright.py
checking ./test/test_flake8.py
checking ./test/test_pep257.py
checking test/test_copyright.py
checking test/test_flake8.py
checking test/test_pep257.py
10 errors
[33m=============================== warnings summary ===============================[0m
test/test_flake8.py::test_flake8
test/test_flake8.py::test_flake8
  Warning: SelectableGroups dict interface is deprecated. Use select.

-- Docs: https://docs.pytest.org/en/stable/warnings.html
- generated xml file: /home/yh6917/ME495/src/hw3group-jengabells/build/plan_execute/pytest.xml -
=========================== short test summary info ============================
FAILED test/test_flake8.py::test_flake8 - AssertionError: Found 3 code style ...
FAILED test/test_pep257.py::test_pep257 - AssertionError: Found code style er...
[31m=================== [31m[1m2 failed[0m, [33m1 skipped[0m, [33m2 warnings[0m[31m in 0.20s[0m[31m ===================[0m
